[0mGET / [32m200[0m 190.438 ms - 9037[0m
[0mGET /js/home_post_comments.js [33m404[0m 25.513 ms - 163[0m
[0mGET /js/toggle_likes.js [33m404[0m 22.120 ms - 157[0m
[0mGET /js/home_posts.js [33m404[0m 37.581 ms - 155[0m
[0mGET /js/chat_engine.js [33m404[0m 27.120 ms - 156[0m
[0mGET / [36m304[0m 73.867 ms - -[0m
[0mGET /css/layout.css [33m404[0m 31.931 ms - 153[0m
[0mGET /js/home_post_comments.js [33m404[0m 32.243 ms - 163[0m
[0mGET /css/footer.css [33m404[0m 51.045 ms - 153[0m
[0mGET /js/home_posts.js [33m404[0m 28.874 ms - 155[0m
[0mGET /js/toggle_likes.js [33m404[0m 14.483 ms - 157[0m
[0mGET /css/chat_box.css [33m404[0m 21.501 ms - 155[0m
[0mGET /css/header.css [33m404[0m 85.046 ms - 153[0m
[0mGET /css/home.css [33m404[0m 81.305 ms - 151[0m
[0mGET /js/chat_engine.js [33m404[0m 25.582 ms - 156[0m
[0mGET / [36m304[0m 98.377 ms - -[0m
[0mGET /css/layout.css [33m404[0m 22.563 ms - 153[0m
[0mGET /js/home_post_comments.js [33m404[0m 15.482 ms - 163[0m
[0mGET /css/header.css [33m404[0m 30.009 ms - 153[0m
[0mGET /css/footer.css [33m404[0m 36.091 ms - 153[0m
[0mGET /css/chat_box.css [33m404[0m 36.290 ms - 155[0m
[0mGET /css/home.css [33m404[0m 38.304 ms - 151[0m
[0mGET /js/home_posts.js [33m404[0m 40.187 ms - 155[0m
[0mGET /js/toggle_likes.js [33m404[0m 21.414 ms - 157[0m
[0mGET /js/chat_engine.js [33m404[0m 8.282 ms - 156[0m
[0mGET / [36m304[0m 1387.260 ms - -[0m
[0mGET /css/layout.css [33m404[0m 19.561 ms - 153[0m
[0mGET /js/home_post_comments.js [33m404[0m 40.241 ms - 163[0m
[0mGET /css/header.css [33m404[0m 34.621 ms - 153[0m
[0mGET /js/home_posts.js [33m404[0m 49.373 ms - 155[0m
[0mGET /css/chat_box.css [33m404[0m 46.895 ms - 155[0m
[0mGET /css/home.css [33m404[0m 54.280 ms - 151[0m
[0mGET /css/footer.css [33m404[0m 58.155 ms - 153[0m
[0mGET /js/toggle_likes.js [33m404[0m 7.097 ms - 157[0m
[0mGET /js/chat_engine.js [33m404[0m 9.736 ms - 156[0m
[0mGET / [36m304[0m 64.556 ms - -[0m
[0mGET /css/layout.css [33m404[0m 24.848 ms - 153[0m
[0mGET /css/header.css [33m404[0m 24.807 ms - 153[0m
[0mGET /js/home_post_comments.js [33m404[0m 26.991 ms - 163[0m
[0mGET /css/footer.css [33m404[0m 25.714 ms - 153[0m
[0mGET /css/home.css [33m404[0m 44.766 ms - 151[0m
[0mGET /css/chat_box.css [33m404[0m 44.738 ms - 155[0m
[0mGET /js/home_posts.js [33m404[0m 23.813 ms - 155[0m
[0mGET /js/toggle_likes.js [33m404[0m 23.470 ms - 157[0m
[0mGET /js/chat_engine.js [33m404[0m 25.395 ms - 156[0m
[0mGET / [36m304[0m 63.313 ms - -[0m
[0mGET /css/layout.css [33m404[0m 20.081 ms - 153[0m
[0mGET /js/home_post_comments.js [33m404[0m 16.797 ms - 163[0m
[0mGET /css/header.css [33m404[0m 19.766 ms - 153[0m
[0mGET /css/footer.css [33m404[0m 18.791 ms - 153[0m
[0mGET /js/home_posts.js [33m404[0m 18.598 ms - 155[0m
[0mGET /css/home.css [33m404[0m 22.706 ms - 151[0m
[0mGET /css/chat_box.css [33m404[0m 22.971 ms - 155[0m
[0mGET /js/toggle_likes.js [33m404[0m 25.366 ms - 157[0m
[0mGET /js/chat_engine.js [33m404[0m 18.700 ms - 156[0m
[0mGET / [32m200[0m 129.619 ms - 9038[0m
[0mGET /js/home_post_comments.js [33m404[0m 14.330 ms - 163[0m
[0mGET /js/home_posts.js [33m404[0m 32.167 ms - 155[0m
[0mGET /js/toggle_likes.js [33m404[0m 25.485 ms - 157[0m
[0mGET /js/chat_engine.js [33m404[0m 28.746 ms - 156[0m
[0mGET / [36m304[0m 68.995 ms - -[0m
[0mGET /css/layout.css [33m404[0m 17.879 ms - 153[0m
[0mGET /css/header.css [33m404[0m 38.903 ms - 153[0m
[0mGET /js/home_post_comments.js [33m404[0m 33.164 ms - 163[0m
[0mGET /css/home.css [33m404[0m 33.221 ms - 151[0m
[0mGET /css/footer.css [33m404[0m 34.484 ms - 153[0m
[0mGET /css/chat_box.css [33m404[0m 29.336 ms - 155[0m
[0mGET /js/home_posts.js [33m404[0m 42.860 ms - 155[0m
[0mGET /js/toggle_likes.js [33m404[0m 20.971 ms - 157[0m
[0mGET /js/chat_engine.js [33m404[0m 22.231 ms - 156[0m
[0mGET / [36m304[0m 75.059 ms - -[0m
[0mGET /css/layout.css [33m404[0m 35.621 ms - 153[0m
[0mGET /css/header.css [33m404[0m 37.550 ms - 153[0m
[0mGET /js/home_post_comments.js [33m404[0m 27.389 ms - 163[0m
[0mGET /css/footer.css [33m404[0m 24.843 ms - 153[0m
[0mGET /css/home.css [33m404[0m 24.910 ms - 151[0m
[0mGET /js/home_posts.js [33m404[0m 25.372 ms - 155[0m
[0mGET /js/toggle_likes.js [33m404[0m 37.107 ms - 157[0m
[0mGET /css/chat_box.css [33m404[0m 53.662 ms - 155[0m
[0mGET /js/chat_engine.js [33m404[0m 10.883 ms - 156[0m
[0mGET / [36m304[0m 153.501 ms - -[0m
[0mGET /js/home_post_comments.js [33m404[0m 12.515 ms - 163[0m
[0mGET /js/home_posts.js [33m404[0m 28.322 ms - 155[0m
[0mGET /js/toggle_likes.js [33m404[0m 32.361 ms - 157[0m
[0mGET /js/chat_engine.js [33m404[0m 30.681 ms - 156[0m
[0mGET / [36m304[0m 72.171 ms - -[0m
[0mGET /css/layout.css [33m404[0m 32.420 ms - 153[0m
[0mGET /css/header.css [33m404[0m 28.370 ms - 153[0m
[0mGET /js/home_post_comments.js [33m404[0m 49.511 ms - 163[0m
[0mGET /css/footer.css [33m404[0m 54.815 ms - 153[0m
[0mGET /css/chat_box.css [33m404[0m 57.553 ms - 155[0m
[0mGET /js/home_posts.js [33m404[0m 43.824 ms - 155[0m
[0mGET /css/home.css [33m404[0m 138.262 ms - 151[0m
[0mGET /js/toggle_likes.js [33m404[0m 69.328 ms - 157[0m
[0mGET /js/chat_engine.js [33m404[0m 27.711 ms - 156[0m
[0mGET / [36m304[0m 60.512 ms - -[0m
[0mGET /css/layout.css [33m404[0m 24.068 ms - 153[0m
[0mGET /css/header.css [33m404[0m 43.443 ms - 153[0m
[0mGET /js/home_post_comments.js [33m404[0m 24.238 ms - 163[0m
[0mGET /js/home_posts.js [33m404[0m 31.777 ms - 155[0m
[0mGET /css/home.css [33m404[0m 49.499 ms - 151[0m
[0mGET /css/chat_box.css [33m404[0m 50.522 ms - 155[0m
[0mGET /css/footer.css [33m404[0m 49.502 ms - 153[0m
[0mGET /js/toggle_likes.js [33m404[0m 50.860 ms - 157[0m
[0mGET /js/chat_engine.js [33m404[0m 44.954 ms - 156[0m
[0mGET / [36m304[0m 515.933 ms - -[0m
[0mGET /js/home_post_comments.js [33m404[0m 26.282 ms - 163[0m
[0mGET /css/footer.css [33m404[0m 26.953 ms - 153[0m
[0mGET /css/layout.css [33m404[0m 57.250 ms - 153[0m
[0mGET /css/chat_box.css [33m404[0m 22.971 ms - 155[0m
[0mGET /js/home_posts.js [33m404[0m 22.069 ms - 155[0m
[0mGET /css/header.css [33m404[0m 64.370 ms - 153[0m
[0mGET /css/home.css [33m404[0m 63.196 ms - 151[0m
[0mGET /js/toggle_likes.js [33m404[0m 12.466 ms - 157[0m
[0mGET /js/chat_engine.js [33m404[0m 11.827 ms - 156[0m
[0mGET / [36m304[0m 40.138 ms - -[0m
[0mGET /css/layout.css [33m404[0m 15.221 ms - 153[0m
[0mGET /js/home_posts.js [33m404[0m 14.722 ms - 155[0m
[0mGET /css/header.css [33m404[0m 26.012 ms - 153[0m
[0mGET /js/toggle_likes.js [33m404[0m 24.459 ms - 157[0m
[0mGET /css/footer.css [33m404[0m 29.235 ms - 153[0m
[0mGET /css/home.css [33m404[0m 32.396 ms - 151[0m
[0mGET /js/chat_engine.js [33m404[0m 17.309 ms - 156[0m
[0mGET /css/chat_box.css [33m404[0m 59.829 ms - 155[0m
[0mGET /js/home_post_comments.js [33m404[0m 21.718 ms - 163[0m
[0mGET /css/layout.css [33m404[0m 4.905 ms - 153[0m
[0mGET / [36m304[0m 52.471 ms - -[0m
[0mGET /css/layout.css [33m404[0m 20.684 ms - 153[0m
[0mGET /js/home_post_comments.js [33m404[0m 26.264 ms - 163[0m
[0mGET /css/header.css [33m404[0m 33.341 ms - 153[0m
[0mGET /js/home_posts.js [33m404[0m 33.420 ms - 155[0m
[0mGET /css/chat_box.css [33m404[0m 42.447 ms - 155[0m
[0mGET /css/home.css [33m404[0m 38.057 ms - 151[0m
[0mGET /css/footer.css [33m404[0m 31.513 ms - 153[0m
[0mGET /js/chat_engine.js [33m404[0m 11.805 ms - 156[0m
[0mGET /js/toggle_likes.js [33m404[0m 15.306 ms - 157[0m
[0mGET / [36m304[0m 61.090 ms - -[0m
[0mGET /css/layout.css [33m404[0m 17.011 ms - 153[0m
[0mGET /js/home_post_comments.js [33m404[0m 15.108 ms - 163[0m
[0mGET /css/header.css [33m404[0m 26.303 ms - 153[0m
[0mGET /css/home.css [33m404[0m 43.676 ms - 151[0m
[0mGET /css/footer.css [33m404[0m 40.335 ms - 153[0m
[0mGET /js/home_posts.js [33m404[0m 31.517 ms - 155[0m
[0mGET /css/chat_box.css [33m404[0m 28.205 ms - 155[0m
[0mGET /js/toggle_likes.js [33m404[0m 15.667 ms - 157[0m
[0mGET /js/chat_engine.js [33m404[0m 9.731 ms - 156[0m
[0mGET / [36m304[0m 218.924 ms - -[0m
[0mGET /css/layout.css [33m404[0m 16.536 ms - 153[0m
[0mGET /js/home_posts.js [33m404[0m 25.925 ms - 155[0m
[0mGET /css/header.css [33m404[0m 31.461 ms - 153[0m
[0mGET /css/footer.css [33m404[0m 33.111 ms - 153[0m
[0mGET /js/toggle_likes.js [33m404[0m 37.314 ms - 157[0m
[0mGET /css/home.css [33m404[0m 41.244 ms - 151[0m
[0mGET /css/chat_box.css [33m404[0m 43.274 ms - 155[0m
[0mGET /js/home_post_comments.js [33m404[0m 7.826 ms - 163[0m
[0mGET /js/chat_engine.js [33m404[0m 17.685 ms - 156[0m
[0mGET / [36m304[0m 28.473 ms - -[0m
[0mGET /css/layout.css [33m404[0m 6.621 ms - 153[0m
[0mGET /js/home_post_comments.js [33m404[0m 13.117 ms - 163[0m
[0mGET /js/toggle_likes.js [33m404[0m 20.882 ms - 157[0m
[0mGET /css/header.css [33m404[0m 23.063 ms - 153[0m
[0mGET /css/footer.css [33m404[0m 23.058 ms - 153[0m
[0mGET /css/chat_box.css [33m404[0m 20.589 ms - 155[0m
[0mGET /css/home.css [33m404[0m 34.807 ms - 151[0m
[0mGET /js/home_posts.js [33m404[0m 27.293 ms - 155[0m
[0mGET /js/chat_engine.js [33m404[0m 11.051 ms - 156[0m
[0mGET / [36m304[0m 54.416 ms - -[0m
[0mGET /css/layout.css [33m404[0m 17.057 ms - 153[0m
[0mGET /js/home_post_comments.js [33m404[0m 21.488 ms - 163[0m
[0mGET /css/header.css [33m404[0m 21.301 ms - 153[0m
[0mGET /js/home_posts.js [33m404[0m 41.673 ms - 155[0m
[0mGET /css/footer.css [33m404[0m 34.257 ms - 153[0m
[0mGET /css/home.css [33m404[0m 31.814 ms - 151[0m
[0mGET /css/chat_box.css [33m404[0m 57.363 ms - 155[0m
[0mGET /js/toggle_likes.js [33m404[0m 29.612 ms - 157[0m
[0mGET /js/chat_engine.js [33m404[0m 36.066 ms - 156[0m
[0mGET / [32m200[0m 291.946 ms - 9089[0m
[0mGET /js/home_post_comments.js [33m404[0m 26.820 ms - 163[0m
[0mGET /js/home_posts.js [33m404[0m 17.392 ms - 155[0m
[0mGET /js/toggle_likes.js [33m404[0m 57.498 ms - 157[0m
[0mGET /js/chat_engine.js [33m404[0m 16.079 ms - 156[0m
[0mGET /users/Sign-In [32m200[0m 20.968 ms - 1780[0m
[0mGET /css/layout.css [33m404[0m 19.939 ms - 153[0m
[0mGET /css/header.css [33m404[0m 13.944 ms - 153[0m
[0mGET /css/footer.css [33m404[0m 14.671 ms - 153[0m
[0mGET /users/Sign-In [36m304[0m 233.524 ms - -[0m
[0mGET /users/Sign-In [36m304[0m 958.404 ms - -[0m
[0mGET /css/layout.css [33m404[0m 57.326 ms - 153[0m
[0mGET /css/header.css [33m404[0m 45.955 ms - 153[0m
[0mGET /css/footer.css [33m404[0m 10.515 ms - 153[0m
[0mGET /users/Sign-In [36m304[0m 16.051 ms - -[0m
[0mGET /css/layout.css [33m404[0m 27.234 ms - 153[0m
[0mGET /css/footer.css [33m404[0m 39.219 ms - 153[0m
[0mGET /css/header.css [33m404[0m 52.868 ms - 153[0m
[0mGET /users/Sign-In [36m304[0m 12.691 ms - -[0m
[0mGET /css/layout.css [33m404[0m 20.489 ms - 153[0m
[0mGET /css/header.css [33m404[0m 32.026 ms - 153[0m
[0mGET /css/footer.css [33m404[0m 34.229 ms - 153[0m
[0mGET /users/Sign-In [36m304[0m 13.052 ms - -[0m
[0mGET /css/layout.css [33m404[0m 20.449 ms - 153[0m
[0mGET /css/footer.css [33m404[0m 27.764 ms - 153[0m
[0mGET /css/header.css [33m404[0m 26.175 ms - 153[0m
[0mGET /users/Sign-In [36m304[0m 10.009 ms - -[0m
[0mGET /css/layout.css [33m404[0m 18.952 ms - 153[0m
[0mGET /css/header.css [33m404[0m 21.998 ms - 153[0m
[0mGET /css/footer.css [33m404[0m 24.442 ms - 153[0m
[0mGET /users/Sign-In [36m304[0m 9.388 ms - -[0m
[0mGET /css/layout.css [33m404[0m 14.010 ms - 153[0m
[0mGET /css/header.css [33m404[0m 17.691 ms - 153[0m
[0mGET /css/footer.css [33m404[0m 21.317 ms - 153[0m
[0mGET /users/Sign-In [36m304[0m 9.411 ms - -[0m
[0mGET /css/layout.css [33m404[0m 22.785 ms - 153[0m
[0mGET /css/header.css [33m404[0m 21.550 ms - 153[0m
[0mGET /css/footer.css [33m404[0m 23.960 ms - 153[0m
[0mGET /users/Sign-In [36m304[0m 10.168 ms - -[0m
[0mGET /css/layout.css [33m404[0m 21.427 ms - 153[0m
[0mGET /css/footer.css [33m404[0m 27.819 ms - 153[0m
[0mGET /css/header.css [33m404[0m 25.731 ms - 153[0m
[0mGET /users/Sign-In [32m200[0m 76.351 ms - 1802[0m
[0mGET /assets/css/layout.css [33m404[0m 30.182 ms - 160[0m
[0mGET /users/Sign-In [32m200[0m 31.605 ms - 1795[0m
[0mGET /css/header.css [33m404[0m 20.086 ms - 153[0m
[0mGET /css/footer.css [33m404[0m 40.319 ms - 153[0m
[0mGET /users/Sign-In [36m304[0m 21.003 ms - -[0m
[0mGET /css/footer.css [33m404[0m 35.625 ms - 153[0m
[0mGET /css/header.css [33m404[0m 41.553 ms - 153[0m
[0mGET /css/layout.css [33m404[0m 68.679 ms - 153[0m
[0mGET /users/Sign-In [32m200[0m 24.304 ms - 1802[0m
[0mGET /assets/css/layout.css [33m404[0m 14.047 ms - 160[0m
[0mGET /css/header.css [33m404[0m 22.245 ms - 153[0m
[0mGET /css/footer.css [33m404[0m 28.428 ms - 153[0m
[0mGET /users/Sign-In [32m200[0m 17.450 ms - 1795[0m
[0mGET /css/layout.css [33m404[0m 22.233 ms - 153[0m
[0mGET /css/header.css [33m404[0m 32.045 ms - 153[0m
[0mGET /css/footer.css [33m404[0m 29.706 ms - 153[0m
[0mGET /users/Sign-In [32m200[0m 17.661 ms - 1794[0m
[0mGET /users/css/layout.css [33m404[0m 15.669 ms - 159[0m
[0mGET /css/header.css [33m404[0m 16.598 ms - 153[0m
[0mGET /css/footer.css [33m404[0m 20.077 ms - 153[0m
[0mGET /users/Sign-In [36m304[0m 20.122 ms - -[0m
[0mGET /users/css/layout.css [33m404[0m 15.691 ms - 159[0m
[0mGET /css/header.css [33m404[0m 16.989 ms - 153[0m
[0mGET /css/footer.css [33m404[0m 16.412 ms - 153[0m
[0mGET /users/Sign-In [32m200[0m 66.637 ms - 1795[0m
[0mGET /users/Sign-In [36m304[0m 22.878 ms - -[0m
[0mGET /css/layout.css [33m404[0m 42.988 ms - 153[0m
[0mGET /css/header.css [33m404[0m 75.028 ms - 153[0m
[0mGET /css/footer.css [33m404[0m 80.978 ms - 153[0m
[0mGET /users/Sign-In [36m304[0m 77.428 ms - -[0m
[0mGET /users/Sign-In [36m304[0m 27.380 ms - -[0m
[0mGET /css/layout.css [33m404[0m 37.574 ms - 153[0m
[0mGET /css/header.css [33m404[0m 16.898 ms - 153[0m
[0mGET /css/footer.css [33m404[0m 29.831 ms - 153[0m
[0mGET /users/Sign-In [36m304[0m 73.940 ms - -[0m
[0mGET /css/layout.css [33m404[0m 27.734 ms - 153[0m
[0mGET /css/header.css [33m404[0m 49.840 ms - 153[0m
[0mGET /css/footer.css [33m404[0m 30.507 ms - 153[0m
[0mGET /users/Sign-In [36m304[0m 29.190 ms - -[0m
[0mGET /css/layout.css [33m404[0m 27.200 ms - 153[0m
[0mGET /css/header.css [33m404[0m 29.547 ms - 153[0m
[0mGET /css/footer.css [33m404[0m 27.583 ms - 153[0m
[0mGET /users/Sign-In [36m304[0m 80.682 ms - -[0m
[0mGET /users/Sign-In [36m304[0m 23.829 ms - -[0m
[0mGET /css/layout.css [33m404[0m 25.769 ms - 153[0m
[0mGET /css/header.css [33m404[0m 28.231 ms - 153[0m
[0mGET /css/footer.css [33m404[0m 47.934 ms - 153[0m
[0mGET /users/Sign-In [36m304[0m 105.842 ms - -[0m
[0mGET /users/Sign-In [36m304[0m 675.245 ms - -[0m
[0mGET /css/layout.css [33m404[0m 12.137 ms - 153[0m
[0mGET /css/header.css [33m404[0m 22.551 ms - 153[0m
[0mGET /css/footer.css [33m404[0m 42.990 ms - 153[0m
[0mGET /users/Sign-In [32m200[0m 23.503 ms - 1750[0m
[0mGET /users/Sign-In [36m304[0m 7.529 ms - -[0m
[0mGET /css/footer.css [33m404[0m 22.798 ms - 153[0m
[0mGET /css/layout.css [33m404[0m 23.253 ms - 153[0m
[0mGET /css/header.css [33m404[0m 34.678 ms - 153[0m
[0mGET /users/Sign-In [32m200[0m 5.297 ms - 1778[0m
[0mGET /css/layout.css [33m404[0m 13.057 ms - 153[0m
[0mGET /css/header.css [33m404[0m 19.955 ms - 153[0m
[0mGET /css/footer.css [33m404[0m 21.412 ms - 153[0m
[0mGET /users/Sign-In [36m304[0m 8.300 ms - -[0m
[0mGET /css/layout.css [33m404[0m 8.498 ms - 153[0m
[0mGET /css/header.css [33m404[0m 12.768 ms - 153[0m
[0mGET /css/footer.css [33m404[0m 14.030 ms - 153[0m
[0mGET /users/Sign-In [32m200[0m 8.596 ms - 1762[0m
[0mGET /css/layout.css [33m404[0m 6.874 ms - 153[0m
[0mGET /css/header.css [33m404[0m 4.666 ms - 153[0m
[0mGET /users/Sign-In [32m200[0m 7.881 ms - 1762[0m
[0mGET /users/Sign-In [36m304[0m 4.874 ms - -[0m
[0mGET /users/Sign-In [36m304[0m 5.954 ms - -[0m
[0mGET /users/Sign-In [36m304[0m 6.385 ms - -[0m
[0mGET /users/Sign-In [36m304[0m 19.400 ms - -[0m
[0mGET /users/Sign-In [36m304[0m 10.594 ms - -[0m
[0mGET /users/Sign-In [32m200[0m 304.309 ms - 1765[0m
[0mGET /favicon.ico [33m404[0m 4.663 ms - 150[0m
[0mGET /users/Sign-In [36m304[0m 7.138 ms - -[0m
[0mGET /users/Sign-In [36m304[0m 5.934 ms - -[0m
[0mGET /users/Sign-In [36m304[0m 4.889 ms - -[0m
[0mGET /users/Sign-In [36m304[0m 8.344 ms - -[0m
[0mGET /users/Sign-In [36m304[0m 6.929 ms - -[0m
[0mGET /users/Sign-In [36m304[0m 3.963 ms - -[0m
[0mGET /users/Sign-In [36m304[0m 6.945 ms - -[0m
[0mGET /users/Sign-In [36m304[0m 3.825 ms - -[0m
[0mGET /users/Sign-In [36m304[0m 10.155 ms - -[0m
[0mGET /users/Sign-In [36m304[0m 4.999 ms - -[0m
[0mGET /users/Sign-In [36m304[0m 20.654 ms - -[0m
[0mGET /users/Sign-In [36m304[0m 5.220 ms - -[0m
[0mGET /users/Sign-In [36m304[0m 6.984 ms - -[0m
[0mGET /users/Sign-In [36m304[0m 8.871 ms - -[0m
[0mGET /users/Sign-In [36m304[0m 9.456 ms - -[0m
[0mGET /users/Sign-In [36m304[0m 26.616 ms - -[0m
[0mGET /users/Sign-In [36m304[0m 7.089 ms - -[0m
[0mGET /users/Sign-In [36m304[0m 10.138 ms - -[0m
[0mGET /users/Sign-In [36m304[0m 6.856 ms - -[0m
[0mGET /users/Sign-In [36m304[0m 6.455 ms - -[0m
[0mGET /users/Sign-In [36m304[0m 10.270 ms - -[0m
[0mGET /users/Sign-In [36m304[0m 7.824 ms - -[0m
[0mGET /users/Sign-In [36m304[0m 9.295 ms - -[0m
[0mGET /users/Sign-In [36m304[0m 9.801 ms - -[0m
[0mGET /users/Sign-In [36m304[0m 8.364 ms - -[0m
[0mGET /users/Sign-In [36m304[0m 11.368 ms - -[0m
[0mGET / [32m200[0m 785.124 ms - 9074[0m
[0mGET /js/home_post_comments.js [33m404[0m 13.000 ms - 163[0m
[0mGET /js/chat_engine.js [33m404[0m 12.480 ms - 156[0m
[0mGET /js/home_posts.js [33m404[0m 28.118 ms - 155[0m
[0mGET /js/toggle_likes.js [33m404[0m 28.656 ms - 157[0m
[0mGET / [36m304[0m 28.191 ms - -[0m
[0mGET /js/home_post_comments.js [33m404[0m 17.708 ms - 163[0m
[0mGET /css/home.css [33m404[0m 16.515 ms - 151[0m
[0mGET /js/home_posts.js [33m404[0m 16.087 ms - 155[0m
[0mGET /js/toggle_likes.js [33m404[0m 17.062 ms - 157[0m
[0mGET /js/chat_engine.js [33m404[0m 29.047 ms - 156[0m
[0mGET /css/chat_box.css [33m404[0m 5.006 ms - 155[0m
[0mGET /users/Sign-In [36m304[0m 8.328 ms - -[0m
[0mGET /users/Sign-In [36m304[0m 6.371 ms - -[0m
[0mGET /users/Sign-In [36m304[0m 5.552 ms - -[0m
[0mGET /users/Sign-In [36m304[0m 7.083 ms - -[0m
[0mGET /users/Sign-In [36m304[0m 3.412 ms - -[0m
[0mGET /users/Sign-In [36m304[0m 10.724 ms - -[0m
[0mGET /users/Sign-In [36m304[0m 5.249 ms - -[0m
[0mGET /users/Sign-In [36m304[0m 6.107 ms - -[0m
[0mGET /users/Sign-In [36m304[0m 18.296 ms - -[0m
[0mGET /users/Sign-In [36m304[0m 5.914 ms - -[0m
[0mGET /users/Sign-In [36m304[0m 21.953 ms - -[0m
[0mGET /users/Sign-In [36m304[0m 14.412 ms - -[0m
[0mGET /users/Sign-In [36m304[0m 8.567 ms - -[0m
[0mGET /users/Sign-In [36m304[0m 9.388 ms - -[0m
[0mGET /users/Sign-In [36m304[0m 10.669 ms - -[0m
[0mGET /users/Sign-In [36m304[0m 4.988 ms - -[0m
[0mGET /users/Sign-In [36m304[0m 3.770 ms - -[0m
[0mGET /users/Sign-In [36m304[0m 5.694 ms - -[0m
[0mGET /users/Sign-In [36m304[0m 7.431 ms - -[0m
[0mGET /users/Sign-In [36m304[0m 7.330 ms - -[0m
[0mGET /users/Sign-In [36m304[0m 12.761 ms - -[0m
[0mGET /users/Sign-In [36m304[0m 7.693 ms - -[0m
[0mGET /users/Sign-In [36m304[0m 8.917 ms - -[0m
[0mGET /users/Sign-In [36m304[0m 6.406 ms - -[0m
[0mGET /users/Sign-In [36m304[0m 7.925 ms - -[0m
[0mGET /users/Sign-In [36m304[0m 19.103 ms - -[0m
[0mGET /users/Sign-In [36m304[0m 5.322 ms - -[0m
[0mGET /users/Sign-In [36m304[0m 8.444 ms - -[0m
[0mGET /users/Sign-In [36m304[0m 9.337 ms - -[0m
[0mGET /users/Sign-In [36m304[0m 10.431 ms - -[0m
[0mGET /users/Sign-In [36m304[0m 4.715 ms - -[0m
[0mGET /users/Sign-In [36m304[0m 6.654 ms - -[0m
[0mGET /users/Sign-In [36m304[0m 8.246 ms - -[0m
[0mGET /users/Sign-In [36m304[0m 9.745 ms - -[0m
[0mGET /users/Sign-In [36m304[0m 8.471 ms - -[0m
[0mGET /users/Sign-In [36m304[0m 9.300 ms - -[0m
[0mGET /users/Sign-In [36m304[0m 8.887 ms - -[0m
[0mGET /users/Sign-In [36m304[0m 9.768 ms - -[0m
[0mGET /users/Sign-In [36m304[0m 10.010 ms - -[0m
[0mGET /users/Sign-In [36m304[0m 10.185 ms - -[0m
[0mGET /users/Sign-In [36m304[0m 10.927 ms - -[0m
[0mGET /users/Sign-In [36m304[0m 9.791 ms - -[0m
[0mGET /users/Sign-In [36m304[0m 5.699 ms - -[0m
[0mGET /users/Sign-In [36m304[0m 4.137 ms - -[0m
[0mGET /users/Sign-In [36m304[0m 6.946 ms - -[0m
[0mGET /users/Sign-In [36m304[0m 4.402 ms - -[0m
[0mGET /users/Sign-In [36m304[0m 5.475 ms - -[0m
[0mGET /users/Sign-In [36m304[0m 8.037 ms - -[0m
[0mGET /users/Sign-In [36m304[0m 8.190 ms - -[0m
[0mGET /users/Sign-In [36m304[0m 7.020 ms - -[0m
[0mGET /users/Sign-In [36m304[0m 5.403 ms - -[0m
[0mGET /users/Sign-In [36m304[0m 5.033 ms - -[0m
[0mGET /users/Sign-In [36m304[0m 4.089 ms - -[0m
[0mGET /users/Sign-In [36m304[0m 7.763 ms - -[0m
[0mGET /users/Sign-In [36m304[0m 5.783 ms - -[0m
[0mGET /users/Sign-In [36m304[0m 6.563 ms - -[0m
[0mGET /users/Sign-In [36m304[0m 8.895 ms - -[0m
[0mGET /users/Sign-In [36m304[0m 9.285 ms - -[0m
[0mGET /users/Sign-In [36m304[0m 6.990 ms - -[0m
[0mGET / [36m304[0m 67.719 ms - -[0m
[0mGET /js/home_post_comments.js [33m404[0m 9.881 ms - 163[0m
[0mGET /js/home_posts.js [33m404[0m 10.574 ms - 155[0m
[0mGET /js/toggle_likes.js [33m404[0m 24.552 ms - 157[0m
[0mGET /js/chat_engine.js [33m404[0m 25.287 ms - 156[0m
[0mGET /js/home_post_comments.js [33m404[0m 9.099 ms - 163[0m
[0mGET /js/home_posts.js [33m404[0m 13.327 ms - 155[0m
[0mGET /js/toggle_likes.js [33m404[0m 4.964 ms - 157[0m
[0mGET /js/chat_engine.js [33m404[0m 7.182 ms - 156[0m
[0mGET /users/Sign-In [36m304[0m 15.497 ms - -[0m
[0mGET /users/Sign-In [36m304[0m 5.580 ms - -[0m
[0mGET /users/Sign-In [36m304[0m 7.253 ms - -[0m
[0mGET /users/Sign-In [36m304[0m 11.374 ms - -[0m
[0mGET /users/Sign-In [36m304[0m 6.343 ms - -[0m
[0mGET /users/Sign-In [36m304[0m 8.659 ms - -[0m
[0mGET /users/Sign-In [36m304[0m 6.667 ms - -[0m
[0mGET /users/Sign-In [36m304[0m 5.060 ms - -[0m
[0mGET /users/Sign-In [36m304[0m 7.772 ms - -[0m
[0mGET /users/Sign-In [36m304[0m 6.074 ms - -[0m
[0mGET /users/Sign-In [36m304[0m 6.561 ms - -[0m
[0mGET /users/Sign-In [36m304[0m 5.675 ms - -[0m
[0mGET /users/Sign-In [32m200[0m 7.285 ms - 1765[0m
[0mGET /favicon.ico [33m404[0m 6.595 ms - 150[0m
[0mGET /users/Sign-In [36m304[0m 7.077 ms - -[0m
[0mGET /users/Sign-In [32m200[0m 6.779 ms - 1765[0m
[0mGET /users/Sign-In [32m200[0m 7.198 ms - 1765[0m
[0mGET /users/Sign-In [32m200[0m 40.099 ms - 1765[0m
[0mGET /favicon.ico [33m404[0m 17.606 ms - 150[0m
[0mGET /users/Sign-In [36m304[0m 14.883 ms - -[0m
[0mGET /users/Sign-In [36m304[0m 13.325 ms - -[0m
[0mGET /users/Sign-In [36m304[0m 16.206 ms - -[0m
[0mGET /users/Sign-In [36m304[0m 10.279 ms - -[0m
[0mGET /users/Sign-In [36m304[0m 9.956 ms - -[0m
[0mGET /users/Sign-In [36m304[0m 12.758 ms - -[0m
[0mGET /users/Sign-In [36m304[0m 65.450 ms - -[0m
[0mGET /users/Sign-In [36m304[0m 11.939 ms - -[0m
[0mGET /users/Sign-In [36m304[0m 105.803 ms - -[0m
[0mGET /users/Sign-In [36m304[0m 22.676 ms - -[0m
[0mGET / [32m200[0m 414.901 ms - 9074[0m
[0mGET /js/home_post_comments.js [33m404[0m 30.961 ms - 163[0m
[0mGET /js/home_posts.js [33m404[0m 40.698 ms - 155[0m
[0mGET /js/chat_engine.js [33m404[0m 20.460 ms - 156[0m
[0mGET /js/toggle_likes.js [33m404[0m 37.255 ms - 157[0m
[0mGET / [36m304[0m 64.366 ms - -[0m
[0mGET /css/home.css [33m404[0m 104.681 ms - 151[0m
[0mGET /js/home_posts.js [33m404[0m 66.398 ms - 155[0m
[0mGET /js/home_post_comments.js [33m404[0m 63.913 ms - 163[0m
[0mGET /js/toggle_likes.js [33m404[0m 59.674 ms - 157[0m
[0mGET /js/chat_engine.js [33m404[0m 76.440 ms - 156[0m
[0mGET /css/chat_box.css [33m404[0m 16.648 ms - 155[0m
[0mGET /users/Sign-In [36m304[0m 21.911 ms - -[0m
::1 - - [22/Sep/2022:16:36:33 +0000] "GET /users/Sign-In HTTP/1.1" 304 - "http://localhost:8000/" "Mozilla/5.0 (Windows NT 10.0; Win64; x64) AppleWebKit/537.36 (KHTML, like Gecko) Chrome/105.0.0.0 Safari/537.36"
::1 - - [22/Sep/2022:16:36:35 +0000] "GET /users/Sign-In HTTP/1.1" 304 - "http://localhost:8000/" "Mozilla/5.0 (Windows NT 10.0; Win64; x64) AppleWebKit/537.36 (KHTML, like Gecko) Chrome/105.0.0.0 Safari/537.36"
::1 - - [22/Sep/2022:16:38:24 +0000] "GET /users/Sign-In HTTP/1.1" 304 - "http://localhost:8000/" "Mozilla/5.0 (Windows NT 10.0; Win64; x64) AppleWebKit/537.36 (KHTML, like Gecko) Chrome/105.0.0.0 Safari/537.36"
::1 - - [22/Sep/2022:16:38:25 +0000] "GET /users/Sign-In HTTP/1.1" 304 - "http://localhost:8000/" "Mozilla/5.0 (Windows NT 10.0; Win64; x64) AppleWebKit/537.36 (KHTML, like Gecko) Chrome/105.0.0.0 Safari/537.36"
::1 - - [22/Sep/2022:16:38:26 +0000] "GET /users/Sign-In HTTP/1.1" 304 - "http://localhost:8000/" "Mozilla/5.0 (Windows NT 10.0; Win64; x64) AppleWebKit/537.36 (KHTML, like Gecko) Chrome/105.0.0.0 Safari/537.36"
::1 - - [22/Sep/2022:16:38:26 +0000] "GET /users/Sign-In HTTP/1.1" 304 - "http://localhost:8000/" "Mozilla/5.0 (Windows NT 10.0; Win64; x64) AppleWebKit/537.36 (KHTML, like Gecko) Chrome/105.0.0.0 Safari/537.36"
::1 - - [22/Sep/2022:16:38:27 +0000] "GET /users/Sign-In HTTP/1.1" 304 - "http://localhost:8000/" "Mozilla/5.0 (Windows NT 10.0; Win64; x64) AppleWebKit/537.36 (KHTML, like Gecko) Chrome/105.0.0.0 Safari/537.36"
::1 - - [22/Sep/2022:16:39:51 +0000] "GET /users/Sign-In HTTP/1.1" 304 - "http://localhost:8000/" "Mozilla/5.0 (Windows NT 10.0; Win64; x64) AppleWebKit/537.36 (KHTML, like Gecko) Chrome/105.0.0.0 Safari/537.36"
::1 - - [22/Sep/2022:16:39:54 +0000] "GET /users/Sign-In HTTP/1.1" 304 - "http://localhost:8000/" "Mozilla/5.0 (Windows NT 10.0; Win64; x64) AppleWebKit/537.36 (KHTML, like Gecko) Chrome/105.0.0.0 Safari/537.36"
::1 - - [22/Sep/2022:16:42:19 +0000] "GET /users/Sign-In HTTP/1.1" 304 - "http://localhost:8000/" "Mozilla/5.0 (Windows NT 10.0; Win64; x64) AppleWebKit/537.36 (KHTML, like Gecko) Chrome/105.0.0.0 Safari/537.36"
::1 - - [22/Sep/2022:16:42:21 +0000] "GET /users/Sign-In HTTP/1.1" 304 - "http://localhost:8000/" "Mozilla/5.0 (Windows NT 10.0; Win64; x64) AppleWebKit/537.36 (KHTML, like Gecko) Chrome/105.0.0.0 Safari/537.36"
[0mGET /users/Sign-In [36m304[0m 76.100 ms - -[0m
[0mGET /users/Sign-In [36m304[0m 20.077 ms - -[0m
[0mGET / [32m200[0m 161.195 ms - 9074[0m
[0mGET /js/toggle_likes.js [33m404[0m 31.620 ms - 157[0m
[0mGET /js/chat_engine.js [33m404[0m 28.130 ms - 156[0m
[0mGET /js/home_post_comments.js [33m404[0m 59.383 ms - 163[0m
[0mGET /js/home_posts.js [33m404[0m 52.319 ms - 155[0m
[0mGET / [36m304[0m 64.706 ms - -[0m
[0mGET /js/home_posts.js [33m404[0m 26.879 ms - 155[0m
[0mGET /js/chat_engine.js [33m404[0m 47.047 ms - 156[0m
[0mGET /js/toggle_likes.js [33m404[0m 39.234 ms - 157[0m
[0mGET /js/home_post_comments.js [33m404[0m 35.598 ms - 163[0m
[0mGET /css/home.css [33m404[0m 21.438 ms - 151[0m
[0mGET /css/chat_box.css [33m404[0m 45.154 ms - 155[0m
[0mGET /users/Sign-In [32m200[0m 16.577 ms - 1765[0m
[0mGET /users/Sign-In [36m304[0m 13.194 ms - -[0m
[0mPOST /users/create-session [36m302[0m 163.935 ms - 72[0m
[0mGET /users/Sign-In [32m200[0m 17.787 ms - 2082[0m
[0mPOST /users/create-session [36m302[0m 37.220 ms - 46[0m
[0mGET / [32m200[0m 118.568 ms - 12220[0m
[0mGET /css/home.css [33m404[0m 66.022 ms - 151[0m
[0mGET /js/home_post_comments.js [33m404[0m 84.011 ms - 163[0m
[0mGET /js/home_posts.js [33m404[0m 92.691 ms - 155[0m
[0mGET /css/chat_box.css [33m404[0m 53.080 ms - 155[0m
[0mGET /js/chat_engine.js [33m404[0m 152.712 ms - 156[0m
[0mGET /js/toggle_likes.js [33m404[0m 164.489 ms - 157[0m
[0mGET / [32m200[0m 371.421 ms - 11897[0m
[0mGET / [36m304[0m 72.411 ms - -[0m
[0mGET / [36m304[0m 64.630 ms - -[0m
[0mGET /users/Sign-Out [36m302[0m 50.185 ms - 46[0m
[0mGET / [32m200[0m 110.929 ms - 9393[0m
[0mGET /users/Sign-In [32m200[0m 18.463 ms - 1765[0m
[0mPOST /users/create-session [36m302[0m 41.823 ms - 46[0m
[0mGET / [32m200[0m 121.117 ms - 12220[0m
[0mGET / [32m200[0m 63.133 ms - 11945[0m
[0mGET / [36m304[0m 80.851 ms - -[0m
[0mGET / [36m304[0m 197.023 ms - -[0m
[0mGET / [36m304[0m 75.110 ms - -[0m
[0mGET / [36m304[0m 75.654 ms - -[0m
[0mGET / [36m304[0m 69.628 ms - -[0m
[0mGET / [36m304[0m 177.002 ms - -[0m
[0mGET / [36m304[0m 73.181 ms - -[0m
[0mGET /users/Sign-Out [36m302[0m 56.440 ms - 46[0m
[0mGET / [32m200[0m 62.393 ms - 9441[0m
[0mGET /users/Sign-In [32m200[0m 19.290 ms - 1813[0m
[0mPOST /users/create-session [36m302[0m 19.398 ms - 46[0m
[0mGET / [32m200[0m 60.399 ms - 12268[0m
[0mGET / [32m200[0m 75.067 ms - 11945[0m
[0mGET / [36m304[0m 63.299 ms - -[0m
[0mGET / [36m304[0m 196.008 ms - -[0m
[0mGET / [36m304[0m 85.327 ms - -[0m
[0mGET / [36m304[0m 71.125 ms - -[0m
[0mGET / [36m304[0m 72.076 ms - -[0m
[0mGET / [36m304[0m 64.229 ms - -[0m
[0mGET / [36m304[0m 60.955 ms - -[0m
[0mGET / [36m304[0m 71.144 ms - -[0m
[0mGET / [36m304[0m 64.584 ms - -[0m
[0mGET / [36m304[0m 62.630 ms - -[0m
[0mGET / [36m304[0m 158.879 ms - -[0m
[0mGET / [32m200[0m 67.495 ms - 11954[0m
[0mGET / [36m304[0m 57.167 ms - -[0m
[0mGET / [36m304[0m 67.041 ms - -[0m
[0mGET / [36m304[0m 50.691 ms - -[0m
[0mGET / [36m304[0m 48.025 ms - -[0m
[0mGET / [36m304[0m 53.848 ms - -[0m
[0mGET / [36m304[0m 64.556 ms - -[0m
[0mGET / [36m304[0m 224.343 ms - -[0m
[0mGET /js/home_post_comments.js [33m404[0m 95.750 ms - 163[0m
[0mGET /js/chat_engine.js [33m404[0m 80.968 ms - 156[0m
[0mGET /js/home_posts.js [33m404[0m 115.269 ms - 155[0m
[0mGET /js/toggle_likes.js [33m404[0m 119.576 ms - 157[0m
[0mGET / [36m304[0m 67.767 ms - -[0m
[0mGET /js/home_post_comments.js [33m404[0m 87.538 ms - 163[0m
[0mGET /js/home_posts.js [33m404[0m 83.413 ms - 155[0m
[0mGET /js/toggle_likes.js [33m404[0m 85.319 ms - 157[0m
[0mGET /js/chat_engine.js [33m404[0m 144.366 ms - 156[0m
[0mGET /css/chat_box.css [33m404[0m 92.454 ms - 155[0m
[0mGET /css/home.css [33m404[0m 158.740 ms - 151[0m
[0mGET / [36m304[0m 56.762 ms - -[0m
[0mGET /js/home_post_comments.js [33m404[0m 73.237 ms - 163[0m
[0mGET /css/home.css [33m404[0m 70.911 ms - 151[0m
[0mGET /js/home_posts.js [33m404[0m 72.140 ms - 155[0m
[0mGET /js/chat_engine.js [33m404[0m 74.141 ms - 156[0m
[0mGET /js/toggle_likes.js [33m404[0m 114.254 ms - 157[0m
[0mGET /css/chat_box.css [33m404[0m 105.149 ms - 155[0m
[0mGET / [36m304[0m 49.888 ms - -[0m
[0mGET /css/home.css [33m404[0m 59.184 ms - 151[0m
[0mGET /js/home_post_comments.js [33m404[0m 60.865 ms - 163[0m
[0mGET /js/home_posts.js [33m404[0m 64.201 ms - 155[0m
[0mGET /js/toggle_likes.js [33m404[0m 81.566 ms - 157[0m
[0mGET /js/chat_engine.js [33m404[0m 83.638 ms - 156[0m
[0mGET /css/chat_box.css [33m404[0m 60.591 ms - 155[0m
[0mGET / [32m200[0m 60.640 ms - 11945[0m
[0mGET /css/home.css [33m404[0m 53.226 ms - 151[0m
[0mGET /js/home_post_comments.js [33m404[0m 53.722 ms - 163[0m
[0mGET /js/home_posts.js [33m404[0m 82.317 ms - 155[0m
[0mGET /js/toggle_likes.js [33m404[0m 78.015 ms - 157[0m
[0mGET /css/chat_box.css [33m404[0m 75.363 ms - 155[0m
[0mGET /js/chat_engine.js [33m404[0m 37.684 ms - 156[0m
[0mGET / [32m200[0m 50.319 ms - 11946[0m
[0mGET /css/home.css [33m404[0m 40.545 ms - 151[0m
[0mGET /js/home_post_comments.js [33m404[0m 44.418 ms - 163[0m
[0mGET /js/home_posts.js [33m404[0m 59.888 ms - 155[0m
[0mGET /js/toggle_likes.js [33m404[0m 60.565 ms - 157[0m
[0mGET /css/header.css [33m404[0m 62.608 ms - 153[0m
[0mGET /css/chat_box.css [33m404[0m 65.870 ms - 155[0m
[0mGET /js/chat_engine.js [33m404[0m 71.868 ms - 156[0m
[0mGET / [36m304[0m 51.001 ms - -[0m
[0mGET /css/home.css [33m404[0m 55.570 ms - 151[0m
[0mGET /js/home_post_comments.js [33m404[0m 55.494 ms - 163[0m
[0mGET /js/toggle_likes.js [33m404[0m 79.889 ms - 157[0m
[0mGET /js/home_posts.js [33m404[0m 79.845 ms - 155[0m
[0mGET /css/chat_box.css [33m404[0m 75.967 ms - 155[0m
[0mGET /css/header.css [33m404[0m 67.173 ms - 153[0m
[0mGET /js/chat_engine.js [33m404[0m 22.879 ms - 156[0m
[0mGET / [36m304[0m 43.638 ms - -[0m
[0mGET /js/home_post_comments.js [33m404[0m 48.288 ms - 163[0m
[0mGET /js/home_posts.js [33m404[0m 47.642 ms - 155[0m
[0mGET /js/toggle_likes.js [33m404[0m 55.677 ms - 157[0m
[0mGET /css/home.css [33m404[0m 65.265 ms - 151[0m
[0mGET /css/chat_box.css [33m404[0m 59.201 ms - 155[0m
[0mGET /css/header.css [33m404[0m 73.336 ms - 153[0m
[0mGET /js/chat_engine.js [33m404[0m 18.396 ms - 156[0m
[0mGET / [32m200[0m 54.912 ms - 11944[0m
[0mGET /css/home.css [33m404[0m 66.586 ms - 151[0m
[0mGET /css/chat_box.css [33m404[0m 54.994 ms - 155[0m
[0mGET /js/home_post_comments.js [33m404[0m 56.501 ms - 163[0m
[0mGET /js/home_posts.js [33m404[0m 60.725 ms - 155[0m
[0mGET /js/toggle_likes.js [33m404[0m 67.271 ms - 157[0m
[0mGET /css/header.css [33m404[0m 56.979 ms - 153[0m
[0mGET /js/chat_engine.js [33m404[0m 21.864 ms - 156[0m
[0mGET / [36m304[0m 59.196 ms - -[0m
[0mGET /js/home_post_comments.js [33m404[0m 51.475 ms - 163[0m
[0mGET /js/home_posts.js [33m404[0m 84.708 ms - 155[0m
[0mGET /js/toggle_likes.js [33m404[0m 84.679 ms - 157[0m
[0mGET /css/chat_box.css [33m404[0m 91.711 ms - 155[0m
[0mGET /css/home.css [33m404[0m 85.789 ms - 151[0m
[0mGET /css/header.css [33m404[0m 94.844 ms - 153[0m
[0mGET /js/chat_engine.js [33m404[0m 35.097 ms - 156[0m
[0mGET / [32m200[0m 48.090 ms - 11944[0m
[0mGET /js/home_post_comments.js [33m404[0m 66.900 ms - 163[0m
[0mGET /js/home_posts.js [33m404[0m 68.593 ms - 155[0m
[0mGET /js/toggle_likes.js [33m404[0m 69.376 ms - 157[0m
[0mGET /css/chat_box.css [33m404[0m 72.783 ms - 155[0m
[0mGET /css/home.css [33m404[0m 81.566 ms - 151[0m
[0mGET /css/header.css [33m404[0m 77.936 ms - 153[0m
[0mGET /js/chat_engine.js [33m404[0m 16.558 ms - 156[0m
[0mGET / [32m200[0m 183.139 ms - 11945[0m
[0mGET / [32m200[0m 72.361 ms - 11941[0m
[0mGET /header.css [33m404[0m 58.768 ms - 149[0m
[0mGET / [32m200[0m 204.461 ms - 11945[0m
[0mGET / [36m304[0m 76.175 ms - -[0m
