[0mGET / [32m200[0m 59.769 ms - 9122[0m
[0mGET / [36m304[0m 30.441 ms - -[0m
[0mGET /users/Sign-In [36m304[0m 11.307 ms - -[0m
[0mPOST /users/create-session [36m302[0m 13.040 ms - 46[0m
[0mGET / [32m200[0m 29.996 ms - 12268[0m
[0mGET / [32m200[0m 68.501 ms - 11945[0m
[0mGET / [36m304[0m 37.985 ms - -[0m
[0mGET / [36m304[0m 43.520 ms - -[0m
[0mGET / [36m304[0m 28.287 ms - -[0m
[0mGET / [36m304[0m 49.741 ms - -[0m
[0mGET / [36m304[0m 24.349 ms - -[0m
[0mGET /users/Sign-Out [36m302[0m 18.270 ms - 46[0m
[0mGET / [32m200[0m 42.469 ms - 9441[0m
[0mGET /users/Sign-In [36m304[0m 5.677 ms - -[0m
[0mPOST /users/create-session [36m302[0m 7.751 ms - 46[0m
[0mGET / [32m200[0m 33.390 ms - 12268[0m
[0mGET / [32m200[0m 77.367 ms - 11945[0m
[0mGET / [36m304[0m 61.093 ms - -[0m
[0mGET / [32m200[0m 38.728 ms - 11954[0m
[0mGET / [32m200[0m 49.439 ms - 11945[0m
[0mGET / [32m200[0m 36.550 ms - 11899[0m
[0mGET / [36m304[0m 34.713 ms - -[0m
[0mGET / [36m304[0m 48.135 ms - -[0m
[0mGET / [36m304[0m 46.202 ms - -[0m
[0mGET / [36m304[0m 42.941 ms - -[0m
[0mGET / [36m304[0m 96.075 ms - -[0m
[0mGET /js/home_posts.js [33m404[0m 26.738 ms - 155[0m
[0mGET /js/home_post_comments.js [33m404[0m 75.234 ms - 163[0m
[0mGET /js/chat_engine.js [33m404[0m 73.874 ms - 156[0m
[0mGET /js/toggle_likes.js [33m404[0m 94.667 ms - 157[0m
[0mGET / [36m304[0m 38.649 ms - -[0m
[0mGET /css/home.css [33m404[0m 48.811 ms - 151[0m
[0mGET /js/home_post_comments.js [33m404[0m 44.943 ms - 163[0m
[0mGET /js/home_posts.js [33m404[0m 53.376 ms - 155[0m
[0mGET /js/toggle_likes.js [33m404[0m 70.628 ms - 157[0m
[0mGET /js/chat_engine.js [33m404[0m 71.755 ms - 156[0m
[0mGET /css/chat_box.css [33m404[0m 44.981 ms - 155[0m
[0mGET / [36m304[0m 79.393 ms - -[0m
[0mGET / [36m304[0m 106.042 ms - -[0m
[0mGET / [36m304[0m 36.297 ms - -[0m
::1 - - [23/Sep/2022:06:29:11 +0000] "GET /js/home_posts.js HTTP/1.1" 404 155 "http://localhost:8000/" "Mozilla/5.0 (Windows NT 10.0; Win64; x64) AppleWebKit/537.36 (KHTML, like Gecko) Chrome/105.0.0.0 Safari/537.36"
::1 - - [23/Sep/2022:06:29:11 +0000] "GET /js/toggle_likes.js HTTP/1.1" 404 157 "http://localhost:8000/" "Mozilla/5.0 (Windows NT 10.0; Win64; x64) AppleWebKit/537.36 (KHTML, like Gecko) Chrome/105.0.0.0 Safari/537.36"
::1 - - [23/Sep/2022:06:29:11 +0000] "GET /css/home.css HTTP/1.1" 404 151 "http://localhost:8000/" "Mozilla/5.0 (Windows NT 10.0; Win64; x64) AppleWebKit/537.36 (KHTML, like Gecko) Chrome/105.0.0.0 Safari/537.36"
::1 - - [23/Sep/2022:06:29:11 +0000] "GET / HTTP/1.1" 200 9076 "http://localhost:8000/users/Sign-In" "Mozilla/5.0 (Windows NT 10.0; Win64; x64) AppleWebKit/537.36 (KHTML, like Gecko) Chrome/105.0.0.0 Safari/537.36"
::1 - - [23/Sep/2022:06:29:11 +0000] "GET /css/chat_box.css HTTP/1.1" 404 155 "http://localhost:8000/" "Mozilla/5.0 (Windows NT 10.0; Win64; x64) AppleWebKit/537.36 (KHTML, like Gecko) Chrome/105.0.0.0 Safari/537.36"
::1 - - [23/Sep/2022:06:29:11 +0000] "GET /js/chat_engine.js HTTP/1.1" 404 156 "http://localhost:8000/" "Mozilla/5.0 (Windows NT 10.0; Win64; x64) AppleWebKit/537.36 (KHTML, like Gecko) Chrome/105.0.0.0 Safari/537.36"
::1 - - [23/Sep/2022:06:29:11 +0000] "GET /js/home_post_comments.js HTTP/1.1" 404 163 "http://localhost:8000/" "Mozilla/5.0 (Windows NT 10.0; Win64; x64) AppleWebKit/537.36 (KHTML, like Gecko) Chrome/105.0.0.0 Safari/537.36"
::1 - - [23/Sep/2022:06:33:27 +0000] "GET / HTTP/1.1" 304 - "http://localhost:8000/users/Sign-In" "Mozilla/5.0 (Windows NT 10.0; Win64; x64) AppleWebKit/537.36 (KHTML, like Gecko) Chrome/105.0.0.0 Safari/537.36"
::1 - - [23/Sep/2022:06:33:27 +0000] "GET /css/home.css HTTP/1.1" 404 151 "http://localhost:8000/" "Mozilla/5.0 (Windows NT 10.0; Win64; x64) AppleWebKit/537.36 (KHTML, like Gecko) Chrome/105.0.0.0 Safari/537.36"
::1 - - [23/Sep/2022:06:33:27 +0000] "GET /js/chat_engine.js HTTP/1.1" 404 156 "http://localhost:8000/" "Mozilla/5.0 (Windows NT 10.0; Win64; x64) AppleWebKit/537.36 (KHTML, like Gecko) Chrome/105.0.0.0 Safari/537.36"
::1 - - [23/Sep/2022:06:33:27 +0000] "GET /css/chat_box.css HTTP/1.1" 404 155 "http://localhost:8000/" "Mozilla/5.0 (Windows NT 10.0; Win64; x64) AppleWebKit/537.36 (KHTML, like Gecko) Chrome/105.0.0.0 Safari/537.36"
::1 - - [23/Sep/2022:06:33:27 +0000] "GET /js/toggle_likes.js HTTP/1.1" 404 157 "http://localhost:8000/" "Mozilla/5.0 (Windows NT 10.0; Win64; x64) AppleWebKit/537.36 (KHTML, like Gecko) Chrome/105.0.0.0 Safari/537.36"
::1 - - [23/Sep/2022:06:33:27 +0000] "GET /js/home_post_comments.js HTTP/1.1" 404 163 "http://localhost:8000/" "Mozilla/5.0 (Windows NT 10.0; Win64; x64) AppleWebKit/537.36 (KHTML, like Gecko) Chrome/105.0.0.0 Safari/537.36"
::1 - - [23/Sep/2022:06:33:27 +0000] "GET /js/home_posts.js HTTP/1.1" 404 155 "http://localhost:8000/" "Mozilla/5.0 (Windows NT 10.0; Win64; x64) AppleWebKit/537.36 (KHTML, like Gecko) Chrome/105.0.0.0 Safari/537.36"
::1 - - [23/Sep/2022:06:33:30 +0000] "GET / HTTP/1.1" 304 - "http://localhost:8000/users/Sign-In" "Mozilla/5.0 (Windows NT 10.0; Win64; x64) AppleWebKit/537.36 (KHTML, like Gecko) Chrome/105.0.0.0 Safari/537.36"
::1 - - [23/Sep/2022:06:33:30 +0000] "GET /css/home.css HTTP/1.1" 404 151 "http://localhost:8000/" "Mozilla/5.0 (Windows NT 10.0; Win64; x64) AppleWebKit/537.36 (KHTML, like Gecko) Chrome/105.0.0.0 Safari/537.36"
::1 - - [23/Sep/2022:06:33:30 +0000] "GET /css/chat_box.css HTTP/1.1" 404 155 "http://localhost:8000/" "Mozilla/5.0 (Windows NT 10.0; Win64; x64) AppleWebKit/537.36 (KHTML, like Gecko) Chrome/105.0.0.0 Safari/537.36"
::1 - - [23/Sep/2022:06:33:30 +0000] "GET /js/home_posts.js HTTP/1.1" 404 155 "http://localhost:8000/" "Mozilla/5.0 (Windows NT 10.0; Win64; x64) AppleWebKit/537.36 (KHTML, like Gecko) Chrome/105.0.0.0 Safari/537.36"
::1 - - [23/Sep/2022:06:33:30 +0000] "GET /js/home_post_comments.js HTTP/1.1" 404 163 "http://localhost:8000/" "Mozilla/5.0 (Windows NT 10.0; Win64; x64) AppleWebKit/537.36 (KHTML, like Gecko) Chrome/105.0.0.0 Safari/537.36"
::1 - - [23/Sep/2022:06:33:30 +0000] "GET /js/toggle_likes.js HTTP/1.1" 404 157 "http://localhost:8000/" "Mozilla/5.0 (Windows NT 10.0; Win64; x64) AppleWebKit/537.36 (KHTML, like Gecko) Chrome/105.0.0.0 Safari/537.36"
::1 - - [23/Sep/2022:06:33:30 +0000] "GET /js/chat_engine.js HTTP/1.1" 404 156 "http://localhost:8000/" "Mozilla/5.0 (Windows NT 10.0; Win64; x64) AppleWebKit/537.36 (KHTML, like Gecko) Chrome/105.0.0.0 Safari/537.36"
::1 - - [23/Sep/2022:06:33:47 +0000] "GET / HTTP/1.1" 304 - "http://localhost:8000/users/Sign-In" "Mozilla/5.0 (Windows NT 10.0; Win64; x64) AppleWebKit/537.36 (KHTML, like Gecko) Chrome/105.0.0.0 Safari/537.36"
::1 - - [23/Sep/2022:06:33:47 +0000] "GET /css/home.css HTTP/1.1" 404 151 "http://localhost:8000/" "Mozilla/5.0 (Windows NT 10.0; Win64; x64) AppleWebKit/537.36 (KHTML, like Gecko) Chrome/105.0.0.0 Safari/537.36"
::1 - - [23/Sep/2022:06:33:47 +0000] "GET /css/chat_box.css HTTP/1.1" 404 155 "http://localhost:8000/" "Mozilla/5.0 (Windows NT 10.0; Win64; x64) AppleWebKit/537.36 (KHTML, like Gecko) Chrome/105.0.0.0 Safari/537.36"
::1 - - [23/Sep/2022:06:33:47 +0000] "GET /js/home_post_comments.js HTTP/1.1" 404 163 "http://localhost:8000/" "Mozilla/5.0 (Windows NT 10.0; Win64; x64) AppleWebKit/537.36 (KHTML, like Gecko) Chrome/105.0.0.0 Safari/537.36"
::1 - - [23/Sep/2022:06:33:47 +0000] "GET /js/home_posts.js HTTP/1.1" 404 155 "http://localhost:8000/" "Mozilla/5.0 (Windows NT 10.0; Win64; x64) AppleWebKit/537.36 (KHTML, like Gecko) Chrome/105.0.0.0 Safari/537.36"
::1 - - [23/Sep/2022:06:33:47 +0000] "GET /js/toggle_likes.js HTTP/1.1" 404 157 "http://localhost:8000/" "Mozilla/5.0 (Windows NT 10.0; Win64; x64) AppleWebKit/537.36 (KHTML, like Gecko) Chrome/105.0.0.0 Safari/537.36"
::1 - - [23/Sep/2022:06:33:47 +0000] "GET /js/chat_engine.js HTTP/1.1" 404 156 "http://localhost:8000/" "Mozilla/5.0 (Windows NT 10.0; Win64; x64) AppleWebKit/537.36 (KHTML, like Gecko) Chrome/105.0.0.0 Safari/537.36"
::1 - - [23/Sep/2022:06:34:02 +0000] "GET /users/Sign-In HTTP/1.1" 200 1767 "http://localhost:8000/" "Mozilla/5.0 (Windows NT 10.0; Win64; x64) AppleWebKit/537.36 (KHTML, like Gecko) Chrome/105.0.0.0 Safari/537.36"
[0mGET /users/Sign-In [36m304[0m 47.393 ms - -[0m
[0mGET /users/Sign-In [36m304[0m 12.938 ms - -[0m
[0mGET /users/Sign-In [36m304[0m 13.261 ms - -[0m
[0mGET /users/Sign-In [36m304[0m 12.159 ms - -[0m
[0mGET /users/Sign-In [36m304[0m 10.566 ms - -[0m
[0mGET /users/Sign-In [36m304[0m 8.299 ms - -[0m
[0mGET /users/Sign-In [36m304[0m 7.589 ms - -[0m
[0mGET /users/Sign-In [36m304[0m 10.932 ms - -[0m
[0mGET /js/home_post_comments.js [32m200[0m 74.747 ms - 3828[0m
[0mGET /js/chat_engine.js [32m200[0m 68.001 ms - 1949[0m
[0mGET /js/home_posts.js [32m200[0m 167.546 ms - 4069[0m
[0mGET /js/toggle_likes.js [32m200[0m 162.105 ms - 1195[0m
[0mGET / [36m304[0m 183.114 ms - -[0m
[0mGET /js/home_post_comments.js [36m304[0m 6.220 ms - -[0m
[0mGET /js/home_posts.js [36m304[0m 6.521 ms - -[0m
[0mGET /js/toggle_likes.js [36m304[0m 6.758 ms - -[0m
[0mGET /js/chat_engine.js [36m304[0m 6.310 ms - -[0m
[0mGET / [36m304[0m 79.448 ms - -[0m
[0mGET /js/home_post_comments.js [36m304[0m 3.493 ms - -[0m
[0mGET /js/home_posts.js [36m304[0m 6.269 ms - -[0m
[0mGET /js/toggle_likes.js [36m304[0m 4.178 ms - -[0m
[0mGET /js/chat_engine.js [36m304[0m 4.103 ms - -[0m
[0mGET /css/home.css [32m200[0m 15.925 ms - 803[0m
[0mGET /css/chat_box.css [32m200[0m 2.348 ms - 1498[0m
[0mGET / [32m200[0m 50.642 ms - 9122[0m
[0mGET /css/home.css [36m304[0m 1.937 ms - -[0m
[0mGET /css/chat_box.css [36m304[0m 7.952 ms - -[0m
[0mGET /js/toggle_likes.js [36m304[0m 7.118 ms - -[0m
[0mGET /js/home_post_comments.js [36m304[0m 6.236 ms - -[0m
[0mGET /js/home_posts.js [36m304[0m 6.777 ms - -[0m
[0mGET /js/chat_engine.js [36m304[0m 2.953 ms - -[0m
[0mGET / [32m200[0m 93.399 ms - 9076[0m
[0mGET /css/home.css [36m304[0m 2.586 ms - -[0m
[0mGET /css/chat_box.css [36m304[0m 4.004 ms - -[0m
[0mGET /js/home_post_comments.js [36m304[0m 7.833 ms - -[0m
[0mGET /js/home_posts.js [36m304[0m 7.920 ms - -[0m
[0mGET /js/toggle_likes.js [36m304[0m 7.684 ms - -[0m
[0mGET /js/chat_engine.js [36m304[0m 2.877 ms - -[0m
[0mGET / [36m304[0m 45.650 ms - -[0m
[0mGET /css/home.css [36m304[0m 1.856 ms - -[0m
[0mGET /css/chat_box.css [36m304[0m 3.088 ms - -[0m
[0mGET /js/home_post_comments.js [36m304[0m 8.046 ms - -[0m
[0mGET /js/home_posts.js [36m304[0m 6.637 ms - -[0m
[0mGET /js/toggle_likes.js [36m304[0m 6.992 ms - -[0m
[0mGET /js/chat_engine.js [36m304[0m 5.842 ms - -[0m
[0mGET / [36m304[0m 46.390 ms - -[0m
[0mGET /js/home_post_comments.js [36m304[0m 8.389 ms - -[0m
[0mGET /js/home_posts.js [36m304[0m 8.288 ms - -[0m
[0mGET /js/toggle_likes.js [36m304[0m 7.145 ms - -[0m
[0mGET /js/chat_engine.js [36m304[0m 6.667 ms - -[0m
[0mGET /css/home.css [36m304[0m 2.191 ms - -[0m
[0mGET /css/chat_box.css [36m304[0m 2.228 ms - -[0m
[0mGET / [36m304[0m 44.221 ms - -[0m
[0mGET /css/home.css [36m304[0m 1.487 ms - -[0m
[0mGET /js/home_post_comments.js [36m304[0m 7.153 ms - -[0m
[0mGET /js/home_posts.js [36m304[0m 4.801 ms - -[0m
[0mGET /js/toggle_likes.js [36m304[0m 4.670 ms - -[0m
[0mGET /js/chat_engine.js [36m304[0m 5.008 ms - -[0m
[0mGET /css/chat_box.css [36m304[0m 4.997 ms - -[0m
[0mGET / [36m304[0m 53.863 ms - -[0m
[0mGET /css/home.css [36m304[0m 6.661 ms - -[0m
[0mGET /js/home_post_comments.js [36m304[0m 6.301 ms - -[0m
[0mGET /js/home_posts.js [36m304[0m 5.670 ms - -[0m
[0mGET /js/toggle_likes.js [36m304[0m 3.385 ms - -[0m
[0mGET /js/chat_engine.js [36m304[0m 3.121 ms - -[0m
[0mGET /css/chat_box.css [36m304[0m 3.559 ms - -[0m
[0mGET /users/Sign-In [36m304[0m 13.642 ms - -[0m
[0mPOST /users/create-session [36m302[0m 403.867 ms - 46[0m
[0mGET / [32m200[0m 105.941 ms - 12222[0m
[0mGET /css/home.css [36m304[0m 2.484 ms - -[0m
[0mGET /css/chat_box.css [36m304[0m 2.328 ms - -[0m
[0mGET /js/home_post_comments.js [36m304[0m 9.123 ms - -[0m
[0mGET /js/home_posts.js [36m304[0m 9.193 ms - -[0m
[0mGET /js/toggle_likes.js [36m304[0m 9.003 ms - -[0m
[0mGET /js/chat_engine.js [36m304[0m 7.944 ms - -[0m
[0mGET / [32m200[0m 55.859 ms - 11899[0m
[0mGET /css/home.css [36m304[0m 2.185 ms - -[0m
[0mGET /css/chat_box.css [36m304[0m 1.796 ms - -[0m
[0mGET /js/home_post_comments.js [36m304[0m 3.810 ms - -[0m
[0mGET /js/toggle_likes.js [36m304[0m 3.972 ms - -[0m
[0mGET /js/home_posts.js [36m304[0m 5.237 ms - -[0m
[0mGET /js/chat_engine.js [36m304[0m 2.719 ms - -[0m
[0mGET / [36m304[0m 110.885 ms - -[0m
[0mGET /css/home.css [36m304[0m 1.728 ms - -[0m
[0mGET /js/home_post_comments.js [36m304[0m 7.868 ms - -[0m
[0mGET /js/home_posts.js [36m304[0m 6.808 ms - -[0m
[0mGET /js/toggle_likes.js [36m304[0m 8.587 ms - -[0m
[0mGET /js/chat_engine.js [36m304[0m 8.664 ms - -[0m
[0mGET /css/chat_box.css [36m304[0m 2.256 ms - -[0m
[0mGET / [36m304[0m 57.424 ms - -[0m
[0mGET /css/home.css [36m304[0m 2.044 ms - -[0m
[0mGET /js/home_post_comments.js [36m304[0m 10.048 ms - -[0m
[0mGET /js/home_posts.js [36m304[0m 7.107 ms - -[0m
[0mGET /js/toggle_likes.js [36m304[0m 6.584 ms - -[0m
[0mGET /js/chat_engine.js [36m304[0m 6.792 ms - -[0m
[0mGET /css/chat_box.css [36m304[0m 1.582 ms - -[0m
[0mGET / [32m200[0m 53.779 ms - 11884[0m
[0mGET /css/home.css [36m304[0m 2.204 ms - -[0m
[0mGET /css/chat_box.css [36m304[0m 3.322 ms - -[0m
[0mGET /js/toggle_likes.js [36m304[0m 8.561 ms - -[0m
[0mGET /js/chat_engine.js [36m304[0m 7.439 ms - -[0m
[0mGET /js/home_post_comments.js [36m304[0m 7.127 ms - -[0m
[0mGET /js/home_posts.js [36m304[0m 5.473 ms - -[0m
[0mGET / [36m304[0m 94.271 ms - -[0m
[0mGET /css/home.css [36m304[0m 2.728 ms - -[0m
[0mGET /css/chat_box.css [36m304[0m 11.604 ms - -[0m
[0mGET /js/home_post_comments.js [36m304[0m 10.600 ms - -[0m
[0mGET /js/home_posts.js [36m304[0m 11.514 ms - -[0m
[0mGET /js/toggle_likes.js [36m304[0m 12.070 ms - -[0m
[0mGET /js/chat_engine.js [36m304[0m 12.318 ms - -[0m
[0mGET / [36m304[0m 136.050 ms - -[0m
[0mGET /js/home_post_comments.js [36m304[0m 5.420 ms - -[0m
[0mGET /js/home_posts.js [36m304[0m 11.107 ms - -[0m
[0mGET /js/toggle_likes.js [36m304[0m 8.762 ms - -[0m
[0mGET /js/chat_engine.js [36m304[0m 8.098 ms - -[0m
[0mGET /css/home.css [36m304[0m 8.769 ms - -[0m
[0mGET /css/chat_box.css [36m304[0m 6.539 ms - -[0m
[0mGET /favicon.ico [33m404[0m 24.910 ms - 150[0m
[0mGET / [36m304[0m 89.184 ms - -[0m
[0mGET /css/home.css [36m304[0m 1.942 ms - -[0m
[0mGET /css/chat_box.css [36m304[0m 1.530 ms - -[0m
[0mGET /js/home_post_comments.js [36m304[0m 6.414 ms - -[0m
[0mGET /js/home_posts.js [36m304[0m 6.091 ms - -[0m
[0mGET /js/toggle_likes.js [36m304[0m 5.894 ms - -[0m
[0mGET /js/chat_engine.js [36m304[0m 4.204 ms - -[0m
[0mGET / [32m200[0m 558.679 ms - 9061[0m
[0mGET /js/home_posts.js [36m304[0m 48.266 ms - -[0m
[0mGET /js/chat_engine.js [36m304[0m 47.379 ms - -[0m
[0mGET /js/toggle_likes.js [36m304[0m 1.979 ms - -[0m
[0mGET /js/home_post_comments.js [36m304[0m 1.646 ms - -[0m
[0mGET /css/home.css [36m304[0m 1.823 ms - -[0m
[0mGET /css/chat_box.css [36m304[0m 0.637 ms - -[0m
[0mGET /users/Sign-In [36m304[0m 56.756 ms - -[0m
[0mPOST /users/create-session [36m302[0m 414.288 ms - 46[0m
[0mGET / [32m200[0m 119.414 ms - 12207[0m
[0mGET /css/home.css [36m304[0m 0.897 ms - -[0m
[0mGET /js/home_post_comments.js [36m304[0m 1.166 ms - -[0m
[0mGET /css/chat_box.css [36m304[0m 3.288 ms - -[0m
[0mGET /js/home_posts.js [36m304[0m 3.621 ms - -[0m
[0mGET /js/toggle_likes.js [36m304[0m 3.376 ms - -[0m
[0mGET /js/chat_engine.js [36m304[0m 3.348 ms - -[0m
[0mGET /js/home_post_comments.js [36m304[0m 13.609 ms - -[0m
[0mGET /js/home_posts.js [36m304[0m 21.113 ms - -[0m
[0mGET /js/toggle_likes.js [36m304[0m 21.566 ms - -[0m
[0mGET /js/chat_engine.js [36m304[0m 1.861 ms - -[0m
[0mGET / [32m200[0m 838.499 ms - 9061[0m
[0mGET / [36m304[0m 418.298 ms - -[0m
[0mGET /js/home_post_comments.js [36m304[0m 5.840 ms - -[0m
[0mGET /css/home.css [32m200[0m 31.121 ms - 803[0m
[0mGET /js/home_posts.js [36m304[0m 24.281 ms - -[0m
[0mGET /js/toggle_likes.js [36m304[0m 19.454 ms - -[0m
[0mGET /js/chat_engine.js [36m304[0m 21.510 ms - -[0m
[0mGET /css/chat_box.css [32m200[0m 21.170 ms - 1498[0m
[0mGET / [36m304[0m 58.683 ms - -[0m
[0mGET /css/home.css [36m304[0m 6.177 ms - -[0m
[0mGET /js/home_post_comments.js [36m304[0m 17.233 ms - -[0m
[0mGET /js/home_posts.js [36m304[0m 9.848 ms - -[0m
[0mGET /js/toggle_likes.js [36m304[0m 12.527 ms - -[0m
[0mGET /js/chat_engine.js [36m304[0m 11.058 ms - -[0m
[0mGET /css/chat_box.css [36m304[0m 1.518 ms - -[0m
[0mGET /users/Sign-In [36m304[0m 25.125 ms - -[0m
[0mPOST /users/create-session [36m302[0m 754.689 ms - 46[0m
[0mGET / [32m200[0m 101.841 ms - 12207[0m
[0mGET /css/home.css [36m304[0m 2.476 ms - -[0m
[0mGET /js/home_post_comments.js [36m304[0m 2.119 ms - -[0m
[0mGET /css/chat_box.css [36m304[0m 2.752 ms - -[0m
[0mGET /js/home_posts.js [36m304[0m 3.967 ms - -[0m
[0mGET /js/toggle_likes.js [36m304[0m 3.479 ms - -[0m
[0mGET /js/chat_engine.js [36m304[0m 3.545 ms - -[0m
[0mGET / [32m200[0m 201.330 ms - 11884[0m
[0mGET /js/home_post_comments.js [36m304[0m 48.093 ms - -[0m
[0mGET /js/home_posts.js [36m304[0m 27.613 ms - -[0m
[0mGET /js/toggle_likes.js [36m304[0m 23.605 ms - -[0m
[0mGET /js/chat_engine.js [36m304[0m 20.852 ms - -[0m
[0mGET / [36m304[0m 125.205 ms - -[0m
[0mGET /js/home_post_comments.js [36m304[0m 27.921 ms - -[0m
[0mGET /css/home.css [32m200[0m 54.572 ms - 803[0m
[0mGET /js/home_posts.js [36m304[0m 38.477 ms - -[0m
[0mGET /js/toggle_likes.js [36m304[0m 44.442 ms - -[0m
[0mGET /js/chat_engine.js [36m304[0m 5.945 ms - -[0m
[0mGET /css/chat_box.css [32m200[0m 9.413 ms - 1498[0m
